c:\users\admin\desktop\raytracing\raytracingproject\raytracingproject\raytracingproject\debug\vc142.pdb
c:\users\admin\desktop\raytracing\raytracingproject\raytracingproject\raytracingproject\debug\vc142.idb
c:\users\admin\desktop\raytracing\raytracingproject\raytracingproject\raytracingproject\debug\vec3.obj
c:\users\admin\desktop\raytracing\raytracingproject\raytracingproject\raytracingproject\debug\triangle.obj
c:\users\admin\desktop\raytracing\raytracingproject\raytracingproject\raytracingproject\debug\sphere.obj
c:\users\admin\desktop\raytracing\raytracingproject\raytracingproject\raytracingproject\debug\test.obj
c:\users\admin\desktop\raytracing\raytracingproject\raytracingproject\raytracingproject\debug\screen.obj
c:\users\admin\desktop\raytracing\raytracingproject\raytracingproject\raytracingproject\debug\scene.obj
c:\users\admin\desktop\raytracing\raytracingproject\raytracingproject\raytracingproject\debug\plane.obj
c:\users\admin\desktop\raytracing\raytracingproject\raytracingproject\raytracingproject\debug\material.obj
c:\users\admin\desktop\raytracing\raytracingproject\raytracingproject\raytracingproject\debug\light.obj
c:\users\admin\desktop\raytracing\raytracingproject\raytracingproject\raytracingproject\debug\intersectionchecker.obj
c:\users\admin\desktop\raytracing\raytracingproject\raytracingproject\raytracingproject\debug\camera.obj
c:\users\admin\desktop\raytracing\raytracingproject\raytracingproject\raytracingproject\debug\3dobject.obj
c:\users\admin\desktop\raytracing\raytracingproject\raytracingproject\bin\raytracingproject.pdb
c:\users\admin\desktop\raytracing\raytracingproject\raytracingproject\raytracingproject\debug\raytraci.00a24955.tlog\cl.command.1.tlog
c:\users\admin\desktop\raytracing\raytracingproject\raytracingproject\raytracingproject\debug\raytraci.00a24955.tlog\cl.read.1.tlog
c:\users\admin\desktop\raytracing\raytracingproject\raytracingproject\raytracingproject\debug\raytraci.00a24955.tlog\cl.write.1.tlog
c:\users\admin\desktop\raytracing\raytracingproject\raytracingproject\raytracingproject\debug\raytraci.00a24955.tlog\link-cvtres.read.1.tlog
c:\users\admin\desktop\raytracing\raytracingproject\raytracingproject\raytracingproject\debug\raytraci.00a24955.tlog\link-cvtres.write.1.tlog
c:\users\admin\desktop\raytracing\raytracingproject\raytracingproject\raytracingproject\debug\raytraci.00a24955.tlog\link-rc.read.1.tlog
c:\users\admin\desktop\raytracing\raytracingproject\raytracingproject\raytracingproject\debug\raytraci.00a24955.tlog\link-rc.write.1.tlog
c:\users\admin\desktop\raytracing\raytracingproject\raytracingproject\raytracingproject\debug\raytraci.00a24955.tlog\link.command.1.tlog
c:\users\admin\desktop\raytracing\raytracingproject\raytracingproject\raytracingproject\debug\raytraci.00a24955.tlog\link.read.1.tlog
c:\users\admin\desktop\raytracing\raytracingproject\raytracingproject\raytracingproject\debug\raytraci.00a24955.tlog\link.write.1.tlog
